{"name":"hexo","hostname":"panxianyuedeMacBook-Pro-2.local","pid":9283,"level":20,"msg":"Hexo version: \u001b[35m3.1.1\u001b[39m","time":"2016-04-13T07:04:35.922Z","v":0}
{"name":"hexo","hostname":"panxianyuedeMacBook-Pro-2.local","pid":9283,"level":20,"msg":"Working directory: \u001b[35m~/Documents/GitHub/BlogBackup/\u001b[39m","time":"2016-04-13T07:04:35.927Z","v":0}
{"name":"hexo","hostname":"panxianyuedeMacBook-Pro-2.local","pid":9283,"level":20,"msg":"Config loaded: \u001b[35m~/Documents/GitHub/BlogBackup/_config.yml\u001b[39m","time":"2016-04-13T07:04:36.022Z","v":0}
{"name":"hexo","hostname":"panxianyuedeMacBook-Pro-2.local","pid":9283,"level":20,"msg":"Plugin loaded: \u001b[35mhexo-deployer-git\u001b[39m","time":"2016-04-13T07:04:36.219Z","v":0}
{"name":"hexo","hostname":"panxianyuedeMacBook-Pro-2.local","pid":9283,"level":20,"msg":"Plugin loaded: \u001b[35mhexo-generator-category\u001b[39m","time":"2016-04-13T07:04:36.222Z","v":0}
{"name":"hexo","hostname":"panxianyuedeMacBook-Pro-2.local","pid":9283,"level":20,"msg":"Plugin loaded: \u001b[35mhexo-generator-archive\u001b[39m","time":"2016-04-13T07:04:36.224Z","v":0}
{"name":"hexo","hostname":"panxianyuedeMacBook-Pro-2.local","pid":9283,"level":20,"msg":"Plugin loaded: \u001b[35mhexo-generator-feed\u001b[39m","time":"2016-04-13T07:04:36.229Z","v":0}
{"name":"hexo","hostname":"panxianyuedeMacBook-Pro-2.local","pid":9283,"level":20,"msg":"Plugin loaded: \u001b[35mhexo-generator-index\u001b[39m","time":"2016-04-13T07:04:36.231Z","v":0}
{"name":"hexo","hostname":"panxianyuedeMacBook-Pro-2.local","pid":9283,"level":20,"msg":"Plugin loaded: \u001b[35mhexo-generator-tag\u001b[39m","time":"2016-04-13T07:04:36.233Z","v":0}
{"name":"hexo","hostname":"panxianyuedeMacBook-Pro-2.local","pid":9283,"level":20,"msg":"Plugin loaded: \u001b[35mhexo-renderer-ejs\u001b[39m","time":"2016-04-13T07:04:36.236Z","v":0}
{"name":"hexo","hostname":"panxianyuedeMacBook-Pro-2.local","pid":9283,"level":20,"msg":"Plugin loaded: \u001b[35mhexo-renderer-marked\u001b[39m","time":"2016-04-13T07:04:36.304Z","v":0}
{"name":"hexo","hostname":"panxianyuedeMacBook-Pro-2.local","pid":9283,"level":20,"msg":"Plugin loaded: \u001b[35mhexo-renderer-stylus\u001b[39m","time":"2016-04-13T07:04:36.428Z","v":0}
{"name":"hexo","hostname":"panxianyuedeMacBook-Pro-2.local","pid":9283,"level":20,"msg":"Plugin loaded: \u001b[35mhexo-server\u001b[39m","time":"2016-04-13T07:04:36.737Z","v":0}
{"name":"hexo","hostname":"panxianyuedeMacBook-Pro-2.local","pid":9283,"level":20,"msg":"Loading database.","time":"2016-04-13T07:04:36.747Z","v":0}
{"name":"hexo","hostname":"panxianyuedeMacBook-Pro-2.local","pid":9283,"level":20,"msg":"Added: \u001b[35msource/_posts/利用XCTool实现自动化打包.md\u001b[39m","time":"2016-04-13T07:04:36.771Z","v":0}
{"name":"hexo","hostname":"panxianyuedeMacBook-Pro-2.local","pid":9283,"level":20,"msg":"Added: \u001b[35msource/_posts/一篇搞定RSA加密与SHA签名.md\u001b[39m","time":"2016-04-13T07:04:36.776Z","v":0}
{"name":"hexo","hostname":"panxianyuedeMacBook-Pro-2.local","pid":9283,"level":20,"msg":"Added: \u001b[35msource/_posts/浅谈Socket学习中的那些事.md\u001b[39m","time":"2016-04-13T07:04:36.776Z","v":0}
{"name":"hexo","hostname":"panxianyuedeMacBook-Pro-2.local","pid":9283,"level":20,"msg":"Added: \u001b[35msource/_posts/迟来的2015总结.md\u001b[39m","time":"2016-04-13T07:04:36.777Z","v":0}
{"name":"hexo","hostname":"panxianyuedeMacBook-Pro-2.local","pid":9283,"level":20,"msg":"Added: \u001b[35msource/categories/index.md\u001b[39m","time":"2016-04-13T07:04:36.780Z","v":0}
{"name":"hexo","hostname":"panxianyuedeMacBook-Pro-2.local","pid":9283,"level":20,"msg":"Added: \u001b[35msource/instagram/index.md\u001b[39m","time":"2016-04-13T07:04:36.780Z","v":0}
{"name":"hexo","hostname":"panxianyuedeMacBook-Pro-2.local","pid":9283,"level":20,"msg":"Added: \u001b[35msource/about/index.md\u001b[39m","time":"2016-04-13T07:04:36.781Z","v":0}
{"name":"hexo","hostname":"panxianyuedeMacBook-Pro-2.local","pid":9283,"level":20,"msg":"Added: \u001b[35msource/tags/index.md\u001b[39m","time":"2016-04-13T07:04:36.781Z","v":0}
{"name":"hexo","hostname":"panxianyuedeMacBook-Pro-2.local","pid":9283,"level":20,"msg":"Added: \u001b[35msource/uploads/avatar.jpg\u001b[39m","time":"2016-04-13T07:04:36.781Z","v":0}
{"name":"hexo","hostname":"panxianyuedeMacBook-Pro-2.local","pid":9283,"level":20,"msg":"Added: \u001b[35mthemes/hexo-theme-apollo/_config.yml\u001b[39m","time":"2016-04-13T07:04:36.809Z","v":0}
{"name":"hexo","hostname":"panxianyuedeMacBook-Pro-2.local","pid":9283,"level":20,"msg":"Added: \u001b[35mthemes/hexo-theme-apollo/LICENSE\u001b[39m","time":"2016-04-13T07:04:36.809Z","v":0}
{"name":"hexo","hostname":"panxianyuedeMacBook-Pro-2.local","pid":9283,"level":20,"msg":"Added: \u001b[35mthemes/hexo-theme-apollo/doc/doc-en.md\u001b[39m","time":"2016-04-13T07:04:36.810Z","v":0}
{"name":"hexo","hostname":"panxianyuedeMacBook-Pro-2.local","pid":9283,"level":20,"msg":"Added: \u001b[35mthemes/hexo-theme-apollo/README.md\u001b[39m","time":"2016-04-13T07:04:36.810Z","v":0}
{"name":"hexo","hostname":"panxianyuedeMacBook-Pro-2.local","pid":9283,"level":20,"msg":"Added: \u001b[35mthemes/hexo-theme-apollo/doc/doc-zh.md\u001b[39m","time":"2016-04-13T07:04:36.811Z","v":0}
{"name":"hexo","hostname":"panxianyuedeMacBook-Pro-2.local","pid":9283,"level":20,"msg":"Added: \u001b[35mthemes/hexo-theme-apollo/gulpfile.js\u001b[39m","time":"2016-04-13T07:04:36.811Z","v":0}
{"name":"hexo","hostname":"panxianyuedeMacBook-Pro-2.local","pid":9283,"level":20,"msg":"Added: \u001b[35mthemes/hexo-theme-apollo/languages/zh-cn.yml\u001b[39m","time":"2016-04-13T07:04:36.811Z","v":0}
{"name":"hexo","hostname":"panxianyuedeMacBook-Pro-2.local","pid":9283,"level":20,"msg":"Added: \u001b[35mthemes/hexo-theme-apollo/languages/en.yml\u001b[39m","time":"2016-04-13T07:04:36.812Z","v":0}
{"name":"hexo","hostname":"panxianyuedeMacBook-Pro-2.local","pid":9283,"level":20,"msg":"Added: \u001b[35mthemes/hexo-theme-apollo/layout/index.jade\u001b[39m","time":"2016-04-13T07:04:36.812Z","v":0}
{"name":"hexo","hostname":"panxianyuedeMacBook-Pro-2.local","pid":9283,"level":20,"msg":"Added: \u001b[35mthemes/hexo-theme-apollo/layout/mixins/post.jade\u001b[39m","time":"2016-04-13T07:04:36.812Z","v":0}
{"name":"hexo","hostname":"panxianyuedeMacBook-Pro-2.local","pid":9283,"level":20,"msg":"Added: \u001b[35mthemes/hexo-theme-apollo/layout/mixins/paginator.jade\u001b[39m","time":"2016-04-13T07:04:36.813Z","v":0}
{"name":"hexo","hostname":"panxianyuedeMacBook-Pro-2.local","pid":9283,"level":20,"msg":"Added: \u001b[35mthemes/hexo-theme-apollo/layout/archive.jade\u001b[39m","time":"2016-04-13T07:04:36.815Z","v":0}
{"name":"hexo","hostname":"panxianyuedeMacBook-Pro-2.local","pid":9283,"level":20,"msg":"Added: \u001b[35mthemes/hexo-theme-apollo/layout/partial/comment.jade\u001b[39m","time":"2016-04-13T07:04:36.815Z","v":0}
{"name":"hexo","hostname":"panxianyuedeMacBook-Pro-2.local","pid":9283,"level":20,"msg":"Added: \u001b[35mthemes/hexo-theme-apollo/layout/partial/head.jade\u001b[39m","time":"2016-04-13T07:04:36.815Z","v":0}
{"name":"hexo","hostname":"panxianyuedeMacBook-Pro-2.local","pid":9283,"level":20,"msg":"Added: \u001b[35mthemes/hexo-theme-apollo/layout/partial/layout.jade\u001b[39m","time":"2016-04-13T07:04:36.816Z","v":0}
{"name":"hexo","hostname":"panxianyuedeMacBook-Pro-2.local","pid":9283,"level":20,"msg":"Added: \u001b[35mthemes/hexo-theme-apollo/layout/partial/copyright.jade\u001b[39m","time":"2016-04-13T07:04:36.816Z","v":0}
{"name":"hexo","hostname":"panxianyuedeMacBook-Pro-2.local","pid":9283,"level":20,"msg":"Added: \u001b[35mthemes/hexo-theme-apollo/layout/partial/nav.jade\u001b[39m","time":"2016-04-13T07:04:36.816Z","v":0}
{"name":"hexo","hostname":"panxianyuedeMacBook-Pro-2.local","pid":9283,"level":20,"msg":"Added: \u001b[35mthemes/hexo-theme-apollo/package.json\u001b[39m","time":"2016-04-13T07:04:36.817Z","v":0}
{"name":"hexo","hostname":"panxianyuedeMacBook-Pro-2.local","pid":9283,"level":20,"msg":"Added: \u001b[35mthemes/hexo-theme-apollo/layout/post.jade\u001b[39m","time":"2016-04-13T07:04:36.817Z","v":0}
{"name":"hexo","hostname":"panxianyuedeMacBook-Pro-2.local","pid":9283,"level":20,"msg":"Added: \u001b[35mthemes/hexo-theme-apollo/layout/partial/scripts.jade\u001b[39m","time":"2016-04-13T07:04:36.818Z","v":0}
{"name":"hexo","hostname":"panxianyuedeMacBook-Pro-2.local","pid":9283,"level":20,"msg":"Added: \u001b[35mthemes/hexo-theme-apollo/source/scss/_partial/base.scss\u001b[39m","time":"2016-04-13T07:04:36.819Z","v":0}
{"name":"hexo","hostname":"panxianyuedeMacBook-Pro-2.local","pid":9283,"level":20,"msg":"Added: \u001b[35mthemes/hexo-theme-apollo/source/scss/_partial/archive-post-list.scss\u001b[39m","time":"2016-04-13T07:04:36.820Z","v":0}
{"name":"hexo","hostname":"panxianyuedeMacBook-Pro-2.local","pid":9283,"level":20,"msg":"Added: \u001b[35mthemes/hexo-theme-apollo/source/scss/_partial/footer.scss\u001b[39m","time":"2016-04-13T07:04:36.821Z","v":0}
{"name":"hexo","hostname":"panxianyuedeMacBook-Pro-2.local","pid":9283,"level":20,"msg":"Added: \u001b[35mthemes/hexo-theme-apollo/source/scss/_partial/copyright.scss\u001b[39m","time":"2016-04-13T07:04:36.822Z","v":0}
{"name":"hexo","hostname":"panxianyuedeMacBook-Pro-2.local","pid":9283,"level":20,"msg":"Added: \u001b[35mthemes/hexo-theme-apollo/source/scss/_partial/header.scss\u001b[39m","time":"2016-04-13T07:04:36.822Z","v":0}
{"name":"hexo","hostname":"panxianyuedeMacBook-Pro-2.local","pid":9283,"level":20,"msg":"Added: \u001b[35mthemes/hexo-theme-apollo/source/css/apollo.css\u001b[39m","time":"2016-04-13T07:04:36.822Z","v":0}
{"name":"hexo","hostname":"panxianyuedeMacBook-Pro-2.local","pid":9283,"level":20,"msg":"Added: \u001b[35mthemes/hexo-theme-apollo/source/scss/_partial/home-post-list.scss\u001b[39m","time":"2016-04-13T07:04:36.823Z","v":0}
{"name":"hexo","hostname":"panxianyuedeMacBook-Pro-2.local","pid":9283,"level":20,"msg":"Added: \u001b[35mthemes/hexo-theme-apollo/source/favicon.png\u001b[39m","time":"2016-04-13T07:04:36.823Z","v":0}
{"name":"hexo","hostname":"panxianyuedeMacBook-Pro-2.local","pid":9283,"level":20,"msg":"Added: \u001b[35mthemes/hexo-theme-apollo/source/scss/_partial/normalize.scss\u001b[39m","time":"2016-04-13T07:04:36.823Z","v":0}
{"name":"hexo","hostname":"panxianyuedeMacBook-Pro-2.local","pid":9283,"level":20,"msg":"Added: \u001b[35mthemes/hexo-theme-apollo/source/scss/apollo.scss\u001b[39m","time":"2016-04-13T07:04:36.824Z","v":0}
{"name":"hexo","hostname":"panxianyuedeMacBook-Pro-2.local","pid":9283,"level":20,"msg":"Added: \u001b[35mthemes/hexo-theme-apollo/source/scss/_partial/post.scss\u001b[39m","time":"2016-04-13T07:04:36.824Z","v":0}
{"name":"hexo","hostname":"panxianyuedeMacBook-Pro-2.local","pid":9283,"level":20,"msg":"Added: \u001b[35mthemes/hexo-theme-apollo/source/scss/_partial/mq.scss\u001b[39m","time":"2016-04-13T07:04:36.825Z","v":0}
{"name":"hexo","hostname":"panxianyuedeMacBook-Pro-2.local","pid":9283,"level":20,"msg":"Processed: \u001b[35msource/scss/apollo.scss\u001b[39m","time":"2016-04-13T07:04:36.843Z","v":0}
{"name":"hexo","hostname":"panxianyuedeMacBook-Pro-2.local","pid":9283,"level":20,"msg":"Processed: \u001b[35m_posts/一篇搞定RSA加密与SHA签名.md\u001b[39m","time":"2016-04-13T07:04:36.845Z","v":0}
{"name":"hexo","hostname":"panxianyuedeMacBook-Pro-2.local","pid":9283,"level":20,"msg":"Processed: \u001b[35muploads/avatar.jpg\u001b[39m","time":"2016-04-13T07:04:36.846Z","v":0}
{"name":"hexo","hostname":"panxianyuedeMacBook-Pro-2.local","pid":9283,"level":20,"msg":"Processed: \u001b[35msource/favicon.png\u001b[39m","time":"2016-04-13T07:04:36.847Z","v":0}
{"name":"hexo","hostname":"panxianyuedeMacBook-Pro-2.local","pid":9283,"level":20,"msg":"Processed: \u001b[35msource/css/apollo.css\u001b[39m","time":"2016-04-13T07:04:36.849Z","v":0}
{"name":"hexo","hostname":"panxianyuedeMacBook-Pro-2.local","pid":9283,"level":20,"msg":"Processed: \u001b[35mlayout/post.jade\u001b[39m","time":"2016-04-13T07:04:36.852Z","v":0}
{"name":"hexo","hostname":"panxianyuedeMacBook-Pro-2.local","pid":9283,"level":20,"msg":"Processed: \u001b[35mtags/index.md\u001b[39m","time":"2016-04-13T07:04:36.853Z","v":0}
{"name":"hexo","hostname":"panxianyuedeMacBook-Pro-2.local","pid":9283,"level":20,"msg":"Processed: \u001b[35mlayout/partial/scripts.jade\u001b[39m","time":"2016-04-13T07:04:36.856Z","v":0}
{"name":"hexo","hostname":"panxianyuedeMacBook-Pro-2.local","pid":9283,"level":20,"msg":"Processed: \u001b[35minstagram/index.md\u001b[39m","time":"2016-04-13T07:04:36.856Z","v":0}
{"name":"hexo","hostname":"panxianyuedeMacBook-Pro-2.local","pid":9283,"level":20,"msg":"Processed: \u001b[35mlayout/partial/nav.jade\u001b[39m","time":"2016-04-13T07:04:36.858Z","v":0}
{"name":"hexo","hostname":"panxianyuedeMacBook-Pro-2.local","pid":9283,"level":20,"msg":"Processed: \u001b[35mcategories/index.md\u001b[39m","time":"2016-04-13T07:04:36.859Z","v":0}
{"name":"hexo","hostname":"panxianyuedeMacBook-Pro-2.local","pid":9283,"level":20,"msg":"Processed: \u001b[35mlayout/partial/layout.jade\u001b[39m","time":"2016-04-13T07:04:36.860Z","v":0}
{"name":"hexo","hostname":"panxianyuedeMacBook-Pro-2.local","pid":9283,"level":20,"msg":"Processed: \u001b[35mabout/index.md\u001b[39m","time":"2016-04-13T07:04:36.861Z","v":0}
{"name":"hexo","hostname":"panxianyuedeMacBook-Pro-2.local","pid":9283,"level":20,"msg":"Processed: \u001b[35mlayout/partial/head.jade\u001b[39m","time":"2016-04-13T07:04:36.862Z","v":0}
{"name":"hexo","hostname":"panxianyuedeMacBook-Pro-2.local","pid":9283,"level":20,"msg":"Processed: \u001b[35m_posts/迟来的2015总结.md\u001b[39m","time":"2016-04-13T07:04:36.872Z","v":0}
{"name":"hexo","hostname":"panxianyuedeMacBook-Pro-2.local","pid":9283,"level":20,"msg":"Processed: \u001b[35mlayout/partial/copyright.jade\u001b[39m","time":"2016-04-13T07:04:36.873Z","v":0}
{"name":"hexo","hostname":"panxianyuedeMacBook-Pro-2.local","pid":9283,"level":20,"msg":"Processed: \u001b[35m_posts/浅谈Socket学习中的那些事.md\u001b[39m","time":"2016-04-13T07:04:36.876Z","v":0}
{"name":"hexo","hostname":"panxianyuedeMacBook-Pro-2.local","pid":9283,"level":20,"msg":"Processed: \u001b[35mlayout/partial/comment.jade\u001b[39m","time":"2016-04-13T07:04:36.877Z","v":0}
{"name":"hexo","hostname":"panxianyuedeMacBook-Pro-2.local","pid":9283,"level":20,"msg":"Processed: \u001b[35m_posts/利用XCTool实现自动化打包.md\u001b[39m","time":"2016-04-13T07:04:36.884Z","v":0}
{"name":"hexo","hostname":"panxianyuedeMacBook-Pro-2.local","pid":9283,"level":20,"msg":"Processed: \u001b[35mlayout/mixins/post.jade\u001b[39m","time":"2016-04-13T07:04:36.920Z","v":0}
{"name":"hexo","hostname":"panxianyuedeMacBook-Pro-2.local","pid":9283,"level":20,"msg":"Processed: \u001b[35mlayout/mixins/paginator.jade\u001b[39m","time":"2016-04-13T07:04:36.920Z","v":0}
{"name":"hexo","hostname":"panxianyuedeMacBook-Pro-2.local","pid":9283,"level":20,"msg":"Processed: \u001b[35mlayout/index.jade\u001b[39m","time":"2016-04-13T07:04:36.922Z","v":0}
{"name":"hexo","hostname":"panxianyuedeMacBook-Pro-2.local","pid":9283,"level":20,"msg":"Processed: \u001b[35mlayout/archive.jade\u001b[39m","time":"2016-04-13T07:04:36.924Z","v":0}
{"name":"hexo","hostname":"panxianyuedeMacBook-Pro-2.local","pid":9283,"level":20,"msg":"Processed: \u001b[35mlanguages/zh-cn.yml\u001b[39m","time":"2016-04-13T07:04:36.928Z","v":0}
{"name":"hexo","hostname":"panxianyuedeMacBook-Pro-2.local","pid":9283,"level":20,"msg":"Processed: \u001b[35mlanguages/en.yml\u001b[39m","time":"2016-04-13T07:04:36.929Z","v":0}
{"name":"hexo","hostname":"panxianyuedeMacBook-Pro-2.local","pid":9283,"level":20,"msg":"Theme config loaded.","time":"2016-04-13T07:04:36.932Z","v":0}
{"name":"hexo","hostname":"panxianyuedeMacBook-Pro-2.local","pid":9283,"level":20,"msg":"Processed: \u001b[35m_config.yml\u001b[39m","time":"2016-04-13T07:04:36.932Z","v":0}
{"name":"hexo","hostname":"panxianyuedeMacBook-Pro-2.local","pid":9283,"level":20,"msg":"Generator: \u001b[35mpage\u001b[39m","time":"2016-04-13T07:04:37.464Z","v":0}
{"name":"hexo","hostname":"panxianyuedeMacBook-Pro-2.local","pid":9283,"level":20,"msg":"Generator: \u001b[35mpost\u001b[39m","time":"2016-04-13T07:04:37.464Z","v":0}
{"name":"hexo","hostname":"panxianyuedeMacBook-Pro-2.local","pid":9283,"level":20,"msg":"Generator: \u001b[35mcategory\u001b[39m","time":"2016-04-13T07:04:37.464Z","v":0}
{"name":"hexo","hostname":"panxianyuedeMacBook-Pro-2.local","pid":9283,"level":20,"msg":"Generator: \u001b[35marchive\u001b[39m","time":"2016-04-13T07:04:37.464Z","v":0}
{"name":"hexo","hostname":"panxianyuedeMacBook-Pro-2.local","pid":9283,"level":20,"msg":"Generator: \u001b[35mfeed\u001b[39m","time":"2016-04-13T07:04:37.465Z","v":0}
{"name":"hexo","hostname":"panxianyuedeMacBook-Pro-2.local","pid":9283,"level":20,"msg":"Generator: \u001b[35mindex\u001b[39m","time":"2016-04-13T07:04:37.465Z","v":0}
{"name":"hexo","hostname":"panxianyuedeMacBook-Pro-2.local","pid":9283,"level":20,"msg":"Generator: \u001b[35mtag\u001b[39m","time":"2016-04-13T07:04:37.465Z","v":0}
{"name":"hexo","hostname":"panxianyuedeMacBook-Pro-2.local","pid":9283,"level":20,"msg":"Generator: \u001b[35masset\u001b[39m","time":"2016-04-13T07:04:37.466Z","v":0}
{"name":"hexo","hostname":"panxianyuedeMacBook-Pro-2.local","pid":9283,"level":30,"msg":"Hexo is running at \u001b[4mhttp://0.0.0.0:4000/\u001b[24m. Press Ctrl+C to stop.","time":"2016-04-13T07:04:37.472Z","v":0}
{"name":"hexo","hostname":"panxianyuedeMacBook-Pro-2.local","pid":9283,"level":20,"msg":"Database saved","time":"2016-04-13T07:04:37.480Z","v":0}
{"name":"hexo","hostname":"panxianyuedeMacBook-Pro-2.local","pid":9283,"level":20,"msg":"Rendering index: \u001b[35mindex.html\u001b[39m","time":"2016-04-13T07:04:50.737Z","v":0}
{"name":"hexo","hostname":"panxianyuedeMacBook-Pro-2.local","pid":9283,"level":20,"msg":"Rendering index: \u001b[35mindex.html\u001b[39m","time":"2016-04-13T07:04:54.645Z","v":0}
{"name":"hexo","hostname":"panxianyuedeMacBook-Pro-2.local","pid":9283,"level":20,"msg":"Rendering index: \u001b[35mindex.html\u001b[39m","time":"2016-04-13T07:04:56.464Z","v":0}
{"name":"hexo","hostname":"panxianyuedeMacBook-Pro-2.local","pid":9283,"level":20,"msg":"Rendering index: \u001b[35mindex.html\u001b[39m","time":"2016-04-13T07:06:03.429Z","v":0}
{"name":"hexo","hostname":"panxianyuedeMacBook-Pro-2.local","pid":9283,"level":30,"msg":"Catch you later","time":"2016-04-13T07:06:11.585Z","v":0}
{"name":"hexo","hostname":"panxianyuedeMacBook-Pro-2.local","pid":9283,"level":20,"msg":"Database saved","time":"2016-04-13T07:06:11.602Z","v":0}
